running develop
running egg_info
creating robotic_arm.egg-info
writing robotic_arm.egg-info/PKG-INFO
writing dependency_links to robotic_arm.egg-info/dependency_links.txt
writing entry points to robotic_arm.egg-info/entry_points.txt
writing requirements to robotic_arm.egg-info/requires.txt
writing top-level names to robotic_arm.egg-info/top_level.txt
writing manifest file 'robotic_arm.egg-info/SOURCES.txt'
reading manifest file 'robotic_arm.egg-info/SOURCES.txt'
writing manifest file 'robotic_arm.egg-info/SOURCES.txt'
running build_ext
Creating /home/icorinthian/Documents/ros/git/ROS_Portfolio/ros_portfolio/robotic_arm/ros_ws/install/robotic_arm/lib/python3.10/site-packages/robotic-arm.egg-link (link to .)

Installed /home/icorinthian/Documents/ros/git/ROS_Portfolio/ros_portfolio/robotic_arm/ros_ws/build/robotic_arm
running symlink_data
creating /home/icorinthian/Documents/ros/git/ROS_Portfolio/ros_portfolio/robotic_arm/ros_ws/install/robotic_arm/share/ament_index
creating /home/icorinthian/Documents/ros/git/ROS_Portfolio/ros_portfolio/robotic_arm/ros_ws/install/robotic_arm/share/ament_index/resource_index
creating /home/icorinthian/Documents/ros/git/ROS_Portfolio/ros_portfolio/robotic_arm/ros_ws/install/robotic_arm/share/ament_index/resource_index/packages
symbolically linking /home/icorinthian/Documents/ros/git/ROS_Portfolio/ros_portfolio/robotic_arm/ros_ws/build/robotic_arm/resource/robotic_arm -> /home/icorinthian/Documents/ros/git/ROS_Portfolio/ros_portfolio/robotic_arm/ros_ws/install/robotic_arm/share/ament_index/resource_index/packages
symbolically linking /home/icorinthian/Documents/ros/git/ROS_Portfolio/ros_portfolio/robotic_arm/ros_ws/build/robotic_arm/package.xml -> /home/icorinthian/Documents/ros/git/ROS_Portfolio/ros_portfolio/robotic_arm/ros_ws/install/robotic_arm/share/robotic_arm
creating /home/icorinthian/Documents/ros/git/ROS_Portfolio/ros_portfolio/robotic_arm/ros_ws/install/robotic_arm/share/robotic_arm/description
symbolically linking /home/icorinthian/Documents/ros/git/ROS_Portfolio/ros_portfolio/robotic_arm/ros_ws/build/robotic_arm/description/arm.urdf.xacro -> /home/icorinthian/Documents/ros/git/ROS_Portfolio/ros_portfolio/robotic_arm/ros_ws/install/robotic_arm/share/robotic_arm/description
creating /home/icorinthian/Documents/ros/git/ROS_Portfolio/ros_portfolio/robotic_arm/ros_ws/install/robotic_arm/share/robotic_arm/config
symbolically linking /home/icorinthian/Documents/ros/git/ROS_Portfolio/ros_portfolio/robotic_arm/ros_ws/build/robotic_arm/config/ros2_controllers.yaml -> /home/icorinthian/Documents/ros/git/ROS_Portfolio/ros_portfolio/robotic_arm/ros_ws/install/robotic_arm/share/robotic_arm/config
creating /home/icorinthian/Documents/ros/git/ROS_Portfolio/ros_portfolio/robotic_arm/ros_ws/install/robotic_arm/share/robotic_arm/assets
symbolically linking /home/icorinthian/Documents/ros/git/ROS_Portfolio/ros_portfolio/robotic_arm/ros_ws/build/robotic_arm/assets/base_plate.STL -> /home/icorinthian/Documents/ros/git/ROS_Portfolio/ros_portfolio/robotic_arm/ros_ws/install/robotic_arm/share/robotic_arm/assets
symbolically linking /home/icorinthian/Documents/ros/git/ROS_Portfolio/ros_portfolio/robotic_arm/ros_ws/build/robotic_arm/assets/basement.STL -> /home/icorinthian/Documents/ros/git/ROS_Portfolio/ros_portfolio/robotic_arm/ros_ws/install/robotic_arm/share/robotic_arm/assets
symbolically linking /home/icorinthian/Documents/ros/git/ROS_Portfolio/ros_portfolio/robotic_arm/ros_ws/build/robotic_arm/assets/plate.STL -> /home/icorinthian/Documents/ros/git/ROS_Portfolio/ros_portfolio/robotic_arm/ros_ws/install/robotic_arm/share/robotic_arm/assets
symbolically linking /home/icorinthian/Documents/ros/git/ROS_Portfolio/ros_portfolio/robotic_arm/ros_ws/build/robotic_arm/assets/claw_support.STL -> /home/icorinthian/Documents/ros/git/ROS_Portfolio/ros_portfolio/robotic_arm/ros_ws/install/robotic_arm/share/robotic_arm/assets
symbolically linking /home/icorinthian/Documents/ros/git/ROS_Portfolio/ros_portfolio/robotic_arm/ros_ws/build/robotic_arm/assets/round_plate.STL -> /home/icorinthian/Documents/ros/git/ROS_Portfolio/ros_portfolio/robotic_arm/ros_ws/install/robotic_arm/share/robotic_arm/assets
symbolically linking /home/icorinthian/Documents/ros/git/ROS_Portfolio/ros_portfolio/robotic_arm/ros_ws/build/robotic_arm/assets/link.STL -> /home/icorinthian/Documents/ros/git/ROS_Portfolio/ros_portfolio/robotic_arm/ros_ws/install/robotic_arm/share/robotic_arm/assets
symbolically linking /home/icorinthian/Documents/ros/git/ROS_Portfolio/ros_portfolio/robotic_arm/ros_ws/build/robotic_arm/assets/right_finger.STL -> /home/icorinthian/Documents/ros/git/ROS_Portfolio/ros_portfolio/robotic_arm/ros_ws/install/robotic_arm/share/robotic_arm/assets
symbolically linking /home/icorinthian/Documents/ros/git/ROS_Portfolio/ros_portfolio/robotic_arm/ros_ws/build/robotic_arm/assets/forward_drive_arm.STL -> /home/icorinthian/Documents/ros/git/ROS_Portfolio/ros_portfolio/robotic_arm/ros_ws/install/robotic_arm/share/robotic_arm/assets
symbolically linking /home/icorinthian/Documents/ros/git/ROS_Portfolio/ros_portfolio/robotic_arm/ros_ws/build/robotic_arm/assets/horizontal_arm.STL -> /home/icorinthian/Documents/ros/git/ROS_Portfolio/ros_portfolio/robotic_arm/ros_ws/install/robotic_arm/share/robotic_arm/assets
symbolically linking /home/icorinthian/Documents/ros/git/ROS_Portfolio/ros_portfolio/robotic_arm/ros_ws/build/robotic_arm/assets/triangular_link.STL -> /home/icorinthian/Documents/ros/git/ROS_Portfolio/ros_portfolio/robotic_arm/ros_ws/install/robotic_arm/share/robotic_arm/assets
symbolically linking /home/icorinthian/Documents/ros/git/ROS_Portfolio/ros_portfolio/robotic_arm/ros_ws/build/robotic_arm/assets/servo_plate.STL -> /home/icorinthian/Documents/ros/git/ROS_Portfolio/ros_portfolio/robotic_arm/ros_ws/install/robotic_arm/share/robotic_arm/assets
symbolically linking /home/icorinthian/Documents/ros/git/ROS_Portfolio/ros_portfolio/robotic_arm/ros_ws/build/robotic_arm/assets/left_finger.STL -> /home/icorinthian/Documents/ros/git/ROS_Portfolio/ros_portfolio/robotic_arm/ros_ws/install/robotic_arm/share/robotic_arm/assets
symbolically linking /home/icorinthian/Documents/ros/git/ROS_Portfolio/ros_portfolio/robotic_arm/ros_ws/build/robotic_arm/assets/vertical_drive_arm.STL -> /home/icorinthian/Documents/ros/git/ROS_Portfolio/ros_portfolio/robotic_arm/ros_ws/install/robotic_arm/share/robotic_arm/assets
creating /home/icorinthian/Documents/ros/git/ROS_Portfolio/ros_portfolio/robotic_arm/ros_ws/install/robotic_arm/share/robotic_arm/launch
symbolically linking /home/icorinthian/Documents/ros/git/ROS_Portfolio/ros_portfolio/robotic_arm/ros_ws/build/robotic_arm/launch/robotic_arm_gazebo.launch.py -> /home/icorinthian/Documents/ros/git/ROS_Portfolio/ros_portfolio/robotic_arm/ros_ws/install/robotic_arm/share/robotic_arm/launch
creating /home/icorinthian/Documents/ros/git/ROS_Portfolio/ros_portfolio/robotic_arm/ros_ws/install/robotic_arm/share/robotic_arm/models
