[0.609s] Invoking command in '/home/icorinthian/Documents/ros/git/ROS_Portfolio/ros_portfolio/robotic_arm/ros_ws/build/robotic_arm': PYTHONPATH=/home/icorinthian/Documents/ros/git/ROS_Portfolio/ros_portfolio/robotic_arm/ros_ws/build/robotic_arm/prefix_override:/home/icorinthian/Documents/ros/git/ROS_Portfolio/ros_portfolio/robotic_arm/ros_ws/install/robotic_arm/lib/python3.10/site-packages:${PYTHONPATH} /usr/bin/python3 -W ignore:setup.py install is deprecated setup.py develop --editable --build-directory /home/icorinthian/Documents/ros/git/ROS_Portfolio/ros_portfolio/robotic_arm/ros_ws/build/robotic_arm/build --no-deps symlink_data
[0.872s] running develop
[0.872s] /usr/lib/python3/dist-packages/setuptools/command/easy_install.py:158: EasyInstallDeprecationWarning: easy_install command is deprecated. Use build and pip and other standards-based tools.
[0.872s]   warnings.warn(
[1.060s] running egg_info
[1.060s] writing robotic_arm.egg-info/PKG-INFO
[1.061s] writing dependency_links to robotic_arm.egg-info/dependency_links.txt
[1.061s] writing entry points to robotic_arm.egg-info/entry_points.txt
[1.061s] writing requirements to robotic_arm.egg-info/requires.txt
[1.061s] writing top-level names to robotic_arm.egg-info/top_level.txt
[1.062s] reading manifest file 'robotic_arm.egg-info/SOURCES.txt'
[1.063s] writing manifest file 'robotic_arm.egg-info/SOURCES.txt'
[1.064s] running build_ext
[1.065s] Creating /home/icorinthian/Documents/ros/git/ROS_Portfolio/ros_portfolio/robotic_arm/ros_ws/install/robotic_arm/lib/python3.10/site-packages/robotic-arm.egg-link (link to .)
[1.065s] 
[1.066s] Installed /home/icorinthian/Documents/ros/git/ROS_Portfolio/ros_portfolio/robotic_arm/ros_ws/build/robotic_arm
[1.066s] running symlink_data
[1.066s] symbolically linking /home/icorinthian/Documents/ros/git/ROS_Portfolio/ros_portfolio/robotic_arm/ros_ws/build/robotic_arm/description/arm_control.urdf.xacro -> /home/icorinthian/Documents/ros/git/ROS_Portfolio/ros_portfolio/robotic_arm/ros_ws/install/robotic_arm/share/robotic_arm/description
[1.066s] symbolically linking /home/icorinthian/Documents/ros/git/ROS_Portfolio/ros_portfolio/robotic_arm/ros_ws/build/robotic_arm/description/arm_gazebo.urdf.xacro -> /home/icorinthian/Documents/ros/git/ROS_Portfolio/ros_portfolio/robotic_arm/ros_ws/install/robotic_arm/share/robotic_arm/description
[1.089s] Invoked command in '/home/icorinthian/Documents/ros/git/ROS_Portfolio/ros_portfolio/robotic_arm/ros_ws/build/robotic_arm' returned '0': PYTHONPATH=/home/icorinthian/Documents/ros/git/ROS_Portfolio/ros_portfolio/robotic_arm/ros_ws/build/robotic_arm/prefix_override:/home/icorinthian/Documents/ros/git/ROS_Portfolio/ros_portfolio/robotic_arm/ros_ws/install/robotic_arm/lib/python3.10/site-packages:${PYTHONPATH} /usr/bin/python3 -W ignore:setup.py install is deprecated setup.py develop --editable --build-directory /home/icorinthian/Documents/ros/git/ROS_Portfolio/ros_portfolio/robotic_arm/ros_ws/build/robotic_arm/build --no-deps symlink_data
