running develop
/usr/lib/python3/dist-packages/setuptools/command/easy_install.py:158: EasyInstallDeprecationWarning: easy_install command is deprecated. Use build and pip and other standards-based tools.
  warnings.warn(
running egg_info
creating nav_sim.egg-info
writing nav_sim.egg-info/PKG-INFO
writing dependency_links to nav_sim.egg-info/dependency_links.txt
writing entry points to nav_sim.egg-info/entry_points.txt
writing requirements to nav_sim.egg-info/requires.txt
writing top-level names to nav_sim.egg-info/top_level.txt
writing manifest file 'nav_sim.egg-info/SOURCES.txt'
reading manifest file 'nav_sim.egg-info/SOURCES.txt'
writing manifest file 'nav_sim.egg-info/SOURCES.txt'
running build_ext
Creating /home/icorinthian/Documents/ros/git/ROS_Portfolio/ros_portfolio/nav2_sim/ros_ws/install/nav_sim/lib/python3.10/site-packages/nav-sim.egg-link (link to .)

Installed /home/icorinthian/Documents/ros/git/ROS_Portfolio/ros_portfolio/nav2_sim/ros_ws/build/nav_sim
running symlink_data
creating /home/icorinthian/Documents/ros/git/ROS_Portfolio/ros_portfolio/nav2_sim/ros_ws/install/nav_sim/share/ament_index
creating /home/icorinthian/Documents/ros/git/ROS_Portfolio/ros_portfolio/nav2_sim/ros_ws/install/nav_sim/share/ament_index/resource_index
creating /home/icorinthian/Documents/ros/git/ROS_Portfolio/ros_portfolio/nav2_sim/ros_ws/install/nav_sim/share/ament_index/resource_index/packages
symbolically linking /home/icorinthian/Documents/ros/git/ROS_Portfolio/ros_portfolio/nav2_sim/ros_ws/build/nav_sim/resource/nav_sim -> /home/icorinthian/Documents/ros/git/ROS_Portfolio/ros_portfolio/nav2_sim/ros_ws/install/nav_sim/share/ament_index/resource_index/packages
symbolically linking /home/icorinthian/Documents/ros/git/ROS_Portfolio/ros_portfolio/nav2_sim/ros_ws/build/nav_sim/package.xml -> /home/icorinthian/Documents/ros/git/ROS_Portfolio/ros_portfolio/nav2_sim/ros_ws/install/nav_sim/share/nav_sim
