[0.518s] Invoking command in '/home/icorinthian/Documents/ros/git/ROS_Portfolio/ros_portfolio/nav2_sim/ros_ws/build/nav_sim': PYTHONPATH=/home/icorinthian/Documents/ros/git/ROS_Portfolio/ros_portfolio/nav2_sim/ros_ws/build/nav_sim/prefix_override:/home/icorinthian/Documents/ros/git/ROS_Portfolio/ros_portfolio/nav2_sim/ros_ws/install/nav_sim/lib/python3.10/site-packages:${PYTHONPATH} /usr/bin/python3 -W ignore:setup.py install is deprecated setup.py develop --editable --build-directory /home/icorinthian/Documents/ros/git/ROS_Portfolio/ros_portfolio/nav2_sim/ros_ws/build/nav_sim/build --no-deps symlink_data
[0.750s] running develop
[0.750s] /usr/lib/python3/dist-packages/setuptools/command/easy_install.py:158: EasyInstallDeprecationWarning: easy_install command is deprecated. Use build and pip and other standards-based tools.
[0.750s]   warnings.warn(
[0.905s] running egg_info
[0.905s] creating nav_sim.egg-info
[0.905s] writing nav_sim.egg-info/PKG-INFO
[0.905s] writing dependency_links to nav_sim.egg-info/dependency_links.txt
[0.905s] writing entry points to nav_sim.egg-info/entry_points.txt
[0.905s] writing requirements to nav_sim.egg-info/requires.txt
[0.905s] writing top-level names to nav_sim.egg-info/top_level.txt
[0.905s] writing manifest file 'nav_sim.egg-info/SOURCES.txt'
[0.906s] reading manifest file 'nav_sim.egg-info/SOURCES.txt'
[0.907s] writing manifest file 'nav_sim.egg-info/SOURCES.txt'
[0.908s] running build_ext
[0.908s] Creating /home/icorinthian/Documents/ros/git/ROS_Portfolio/ros_portfolio/nav2_sim/ros_ws/install/nav_sim/lib/python3.10/site-packages/nav-sim.egg-link (link to .)
[0.909s] 
[0.909s] Installed /home/icorinthian/Documents/ros/git/ROS_Portfolio/ros_portfolio/nav2_sim/ros_ws/build/nav_sim
[0.909s] running symlink_data
[0.909s] creating /home/icorinthian/Documents/ros/git/ROS_Portfolio/ros_portfolio/nav2_sim/ros_ws/install/nav_sim/share/ament_index
[0.909s] creating /home/icorinthian/Documents/ros/git/ROS_Portfolio/ros_portfolio/nav2_sim/ros_ws/install/nav_sim/share/ament_index/resource_index
[0.909s] creating /home/icorinthian/Documents/ros/git/ROS_Portfolio/ros_portfolio/nav2_sim/ros_ws/install/nav_sim/share/ament_index/resource_index/packages
[0.909s] symbolically linking /home/icorinthian/Documents/ros/git/ROS_Portfolio/ros_portfolio/nav2_sim/ros_ws/build/nav_sim/resource/nav_sim -> /home/icorinthian/Documents/ros/git/ROS_Portfolio/ros_portfolio/nav2_sim/ros_ws/install/nav_sim/share/ament_index/resource_index/packages
[0.909s] symbolically linking /home/icorinthian/Documents/ros/git/ROS_Portfolio/ros_portfolio/nav2_sim/ros_ws/build/nav_sim/package.xml -> /home/icorinthian/Documents/ros/git/ROS_Portfolio/ros_portfolio/nav2_sim/ros_ws/install/nav_sim/share/nav_sim
[0.931s] Invoked command in '/home/icorinthian/Documents/ros/git/ROS_Portfolio/ros_portfolio/nav2_sim/ros_ws/build/nav_sim' returned '0': PYTHONPATH=/home/icorinthian/Documents/ros/git/ROS_Portfolio/ros_portfolio/nav2_sim/ros_ws/build/nav_sim/prefix_override:/home/icorinthian/Documents/ros/git/ROS_Portfolio/ros_portfolio/nav2_sim/ros_ws/install/nav_sim/lib/python3.10/site-packages:${PYTHONPATH} /usr/bin/python3 -W ignore:setup.py install is deprecated setup.py develop --editable --build-directory /home/icorinthian/Documents/ros/git/ROS_Portfolio/ros_portfolio/nav2_sim/ros_ws/build/nav_sim/build --no-deps symlink_data
