[0.476s] DEBUG:colcon:Command line arguments: ['/usr/bin/colcon', 'build', '--symlink-install']
[0.477s] DEBUG:colcon:Parsed command line arguments: Namespace(log_base=None, log_level=None, verb_name='build', build_base='build', install_base='install', merge_install=False, symlink_install=True, test_result_base=None, continue_on_error=False, executor='parallel', parallel_workers=8, event_handlers=None, ignore_user_meta=False, metas=['./colcon.meta'], base_paths=['.'], packages_ignore=None, packages_ignore_regex=None, paths=None, packages_up_to=None, packages_up_to_regex=None, packages_above=None, packages_above_and_dependencies=None, packages_above_depth=None, packages_select_by_dep=None, packages_skip_by_dep=None, packages_skip_up_to=None, packages_select_build_failed=False, packages_skip_build_finished=False, packages_select_test_failures=False, packages_skip_test_passed=False, packages_select=None, packages_skip=None, packages_select_regex=None, packages_skip_regex=None, packages_start=None, packages_end=None, allow_overriding=[], cmake_args=None, cmake_target=None, cmake_target_skip_unavailable=False, cmake_clean_cache=False, cmake_clean_first=False, cmake_force_configure=False, ament_cmake_args=None, catkin_cmake_args=None, catkin_skip_building_tests=False, mixin_files=None, mixin=None, verb_parser=<colcon_mixin.mixin.mixin_argument.MixinArgumentDecorator object at 0x759b3e73a8f0>, verb_extension=<colcon_core.verb.build.BuildVerb object at 0x759b3e73a080>, main=<bound method BuildVerb.main of <colcon_core.verb.build.BuildVerb object at 0x759b3e73a080>>, mixin_verb=('build',))
[1.402s] Level 1:colcon.colcon_core.package_discovery:discover_packages(colcon_meta) check parameters
[1.402s] Level 1:colcon.colcon_core.package_discovery:discover_packages(recursive) check parameters
[1.402s] Level 1:colcon.colcon_core.package_discovery:discover_packages(ignore) check parameters
[1.402s] Level 1:colcon.colcon_core.package_discovery:discover_packages(path) check parameters
[1.402s] Level 1:colcon.colcon_core.package_discovery:discover_packages(colcon_meta) discover
[1.402s] Level 1:colcon.colcon_core.package_discovery:discover_packages(recursive) discover
[1.402s] INFO:colcon.colcon_core.package_discovery:Crawling recursively for packages in '/home/icorinthian/Documents/ros/git/ROS_Portfolio/ros_portfolio/blockchain_controller/ros_ws'
[1.402s] Level 1:colcon.colcon_core.package_identification:_identify(.) by extensions ['ignore', 'ignore_ament_install']
[1.403s] Level 1:colcon.colcon_core.package_identification:_identify(.) by extension 'ignore'
[1.403s] Level 1:colcon.colcon_core.package_identification:_identify(.) by extension 'ignore_ament_install'
[1.403s] Level 1:colcon.colcon_core.package_identification:_identify(.) by extensions ['colcon_pkg']
[1.403s] Level 1:colcon.colcon_core.package_identification:_identify(.) by extension 'colcon_pkg'
[1.403s] Level 1:colcon.colcon_core.package_identification:_identify(.) by extensions ['colcon_meta']
[1.403s] Level 1:colcon.colcon_core.package_identification:_identify(.) by extension 'colcon_meta'
[1.403s] Level 1:colcon.colcon_core.package_identification:_identify(.) by extensions ['ros']
[1.403s] Level 1:colcon.colcon_core.package_identification:_identify(.) by extension 'ros'
[1.535s] Level 1:colcon.colcon_core.package_identification:_identify(.) by extensions ['cmake', 'python']
[1.535s] Level 1:colcon.colcon_core.package_identification:_identify(.) by extension 'cmake'
[1.535s] Level 1:colcon.colcon_core.package_identification:_identify(.) by extension 'python'
[1.535s] Level 1:colcon.colcon_core.package_identification:_identify(.) by extensions ['python_setup_py']
[1.535s] Level 1:colcon.colcon_core.package_identification:_identify(.) by extension 'python_setup_py'
[1.536s] Level 1:colcon.colcon_core.package_identification:_identify(build) by extensions ['ignore', 'ignore_ament_install']
[1.536s] Level 1:colcon.colcon_core.package_identification:_identify(build) by extension 'ignore'
[1.536s] Level 1:colcon.colcon_core.package_identification:_identify(build) ignored
[1.536s] Level 1:colcon.colcon_core.package_identification:_identify(install) by extensions ['ignore', 'ignore_ament_install']
[1.536s] Level 1:colcon.colcon_core.package_identification:_identify(install) by extension 'ignore'
[1.536s] Level 1:colcon.colcon_core.package_identification:_identify(install) ignored
[1.536s] Level 1:colcon.colcon_core.package_identification:_identify(log) by extensions ['ignore', 'ignore_ament_install']
[1.536s] Level 1:colcon.colcon_core.package_identification:_identify(log) by extension 'ignore'
[1.536s] Level 1:colcon.colcon_core.package_identification:_identify(log) ignored
[1.537s] Level 1:colcon.colcon_core.package_identification:_identify(src) by extensions ['ignore', 'ignore_ament_install']
[1.537s] Level 1:colcon.colcon_core.package_identification:_identify(src) by extension 'ignore'
[1.537s] Level 1:colcon.colcon_core.package_identification:_identify(src) by extension 'ignore_ament_install'
[1.537s] Level 1:colcon.colcon_core.package_identification:_identify(src) by extensions ['colcon_pkg']
[1.537s] Level 1:colcon.colcon_core.package_identification:_identify(src) by extension 'colcon_pkg'
[1.537s] Level 1:colcon.colcon_core.package_identification:_identify(src) by extensions ['colcon_meta']
[1.537s] Level 1:colcon.colcon_core.package_identification:_identify(src) by extension 'colcon_meta'
[1.537s] Level 1:colcon.colcon_core.package_identification:_identify(src) by extensions ['ros']
[1.537s] Level 1:colcon.colcon_core.package_identification:_identify(src) by extension 'ros'
[1.537s] Level 1:colcon.colcon_core.package_identification:_identify(src) by extensions ['cmake', 'python']
[1.537s] Level 1:colcon.colcon_core.package_identification:_identify(src) by extension 'cmake'
[1.537s] Level 1:colcon.colcon_core.package_identification:_identify(src) by extension 'python'
[1.537s] Level 1:colcon.colcon_core.package_identification:_identify(src) by extensions ['python_setup_py']
[1.537s] Level 1:colcon.colcon_core.package_identification:_identify(src) by extension 'python_setup_py'
[1.538s] Level 1:colcon.colcon_core.package_identification:_identify(src/blockchain_controller) by extensions ['ignore', 'ignore_ament_install']
[1.538s] Level 1:colcon.colcon_core.package_identification:_identify(src/blockchain_controller) by extension 'ignore'
[1.538s] Level 1:colcon.colcon_core.package_identification:_identify(src/blockchain_controller) by extension 'ignore_ament_install'
[1.538s] Level 1:colcon.colcon_core.package_identification:_identify(src/blockchain_controller) by extensions ['colcon_pkg']
[1.538s] Level 1:colcon.colcon_core.package_identification:_identify(src/blockchain_controller) by extension 'colcon_pkg'
[1.538s] Level 1:colcon.colcon_core.package_identification:_identify(src/blockchain_controller) by extensions ['colcon_meta']
[1.538s] Level 1:colcon.colcon_core.package_identification:_identify(src/blockchain_controller) by extension 'colcon_meta'
[1.538s] Level 1:colcon.colcon_core.package_identification:_identify(src/blockchain_controller) by extensions ['ros']
[1.538s] Level 1:colcon.colcon_core.package_identification:_identify(src/blockchain_controller) by extension 'ros'
[1.563s] DEBUG:colcon.colcon_core.package_identification:Package 'src/blockchain_controller' with type 'ros.ament_python' and name 'blockchain_controller'
[1.563s] Level 1:colcon.colcon_core.package_discovery:discover_packages(recursive) using defaults
[1.563s] Level 1:colcon.colcon_core.package_discovery:discover_packages(ignore) discover
[1.564s] Level 1:colcon.colcon_core.package_discovery:discover_packages(ignore) using defaults
[1.564s] Level 1:colcon.colcon_core.package_discovery:discover_packages(path) discover
[1.564s] Level 1:colcon.colcon_core.package_discovery:discover_packages(path) using defaults
[1.649s] Level 1:colcon.colcon_core.package_discovery:discover_packages(prefix_path) check parameters
[1.649s] Level 1:colcon.colcon_core.package_discovery:discover_packages(prefix_path) discover
[1.653s] DEBUG:colcon.colcon_installed_package_information.package_discovery:Found 1 installed packages in /home/icorinthian/Documents/ros/git/ROS_Portfolio/ros_portfolio/differential_drive_sim/ros_ws/install
[1.653s] DEBUG:colcon.colcon_installed_package_information.package_discovery:Found 1 installed packages in /home/icorinthian/Documents/ros/git/ROS_Portfolio/ros_portfolio/blockchain_controller/ros_ws/install
[1.656s] DEBUG:colcon.colcon_installed_package_information.package_discovery:Found 419 installed packages in /opt/ros/humble
[1.658s] Level 1:colcon.colcon_core.package_discovery:discover_packages(prefix_path) using defaults
[1.734s] Level 5:colcon.colcon_core.verb:set package 'blockchain_controller' build argument 'cmake_args' from command line to 'None'
[1.734s] Level 5:colcon.colcon_core.verb:set package 'blockchain_controller' build argument 'cmake_target' from command line to 'None'
[1.734s] Level 5:colcon.colcon_core.verb:set package 'blockchain_controller' build argument 'cmake_target_skip_unavailable' from command line to 'False'
[1.734s] Level 5:colcon.colcon_core.verb:set package 'blockchain_controller' build argument 'cmake_clean_cache' from command line to 'False'
[1.734s] Level 5:colcon.colcon_core.verb:set package 'blockchain_controller' build argument 'cmake_clean_first' from command line to 'False'
[1.734s] Level 5:colcon.colcon_core.verb:set package 'blockchain_controller' build argument 'cmake_force_configure' from command line to 'False'
[1.734s] Level 5:colcon.colcon_core.verb:set package 'blockchain_controller' build argument 'ament_cmake_args' from command line to 'None'
[1.734s] Level 5:colcon.colcon_core.verb:set package 'blockchain_controller' build argument 'catkin_cmake_args' from command line to 'None'
[1.734s] Level 5:colcon.colcon_core.verb:set package 'blockchain_controller' build argument 'catkin_skip_building_tests' from command line to 'False'
[1.734s] DEBUG:colcon.colcon_core.verb:Building package 'blockchain_controller' with the following arguments: {'ament_cmake_args': None, 'build_base': '/home/icorinthian/Documents/ros/git/ROS_Portfolio/ros_portfolio/blockchain_controller/ros_ws/build/blockchain_controller', 'catkin_cmake_args': None, 'catkin_skip_building_tests': False, 'cmake_args': None, 'cmake_clean_cache': False, 'cmake_clean_first': False, 'cmake_force_configure': False, 'cmake_target': None, 'cmake_target_skip_unavailable': False, 'install_base': '/home/icorinthian/Documents/ros/git/ROS_Portfolio/ros_portfolio/blockchain_controller/ros_ws/install/blockchain_controller', 'merge_install': False, 'path': '/home/icorinthian/Documents/ros/git/ROS_Portfolio/ros_portfolio/blockchain_controller/ros_ws/src/blockchain_controller', 'symlink_install': True, 'test_result_base': None}
[1.734s] INFO:colcon.colcon_core.executor:Executing jobs using 'parallel' executor
[1.736s] DEBUG:colcon.colcon_parallel_executor.executor.parallel:run_until_complete
[1.736s] INFO:colcon.colcon_ros.task.ament_python.build:Building ROS package in '/home/icorinthian/Documents/ros/git/ROS_Portfolio/ros_portfolio/blockchain_controller/ros_ws/src/blockchain_controller' with build type 'ament_python'
[1.736s] Level 1:colcon.colcon_core.shell:create_environment_hook('blockchain_controller', 'ament_prefix_path')
[1.740s] INFO:colcon.colcon_core.plugin_system:Skipping extension 'colcon_core.shell.bat': Not used on non-Windows systems
[1.740s] INFO:colcon.colcon_core.shell:Creating environment hook '/home/icorinthian/Documents/ros/git/ROS_Portfolio/ros_portfolio/blockchain_controller/ros_ws/install/blockchain_controller/share/blockchain_controller/hook/ament_prefix_path.ps1'
[1.749s] INFO:colcon.colcon_core.shell:Creating environment descriptor '/home/icorinthian/Documents/ros/git/ROS_Portfolio/ros_portfolio/blockchain_controller/ros_ws/install/blockchain_controller/share/blockchain_controller/hook/ament_prefix_path.dsv'
[1.749s] INFO:colcon.colcon_core.shell:Creating environment hook '/home/icorinthian/Documents/ros/git/ROS_Portfolio/ros_portfolio/blockchain_controller/ros_ws/install/blockchain_controller/share/blockchain_controller/hook/ament_prefix_path.sh'
[1.750s] INFO:colcon.colcon_core.shell:Skip shell extension 'powershell' for command environment: Not usable outside of PowerShell
[1.751s] DEBUG:colcon.colcon_core.shell:Skip shell extension 'dsv' for command environment
[2.130s] INFO:colcon.colcon_core.task.python.build:Building Python package in '/home/icorinthian/Documents/ros/git/ROS_Portfolio/ros_portfolio/blockchain_controller/ros_ws/src/blockchain_controller'
[2.131s] INFO:colcon.colcon_core.shell:Skip shell extension 'powershell' for command environment: Not usable outside of PowerShell
[2.131s] DEBUG:colcon.colcon_core.shell:Skip shell extension 'dsv' for command environment
[3.156s] DEBUG:colcon.colcon_core.event_handler.log_command:Invoking command in '/home/icorinthian/Documents/ros/git/ROS_Portfolio/ros_portfolio/blockchain_controller/ros_ws/build/blockchain_controller': PYTHONPATH=/home/icorinthian/Documents/ros/git/ROS_Portfolio/ros_portfolio/blockchain_controller/ros_ws/build/blockchain_controller/prefix_override:/home/icorinthian/Documents/ros/git/ROS_Portfolio/ros_portfolio/blockchain_controller/ros_ws/install/blockchain_controller/lib/python3.10/site-packages:${PYTHONPATH} /usr/bin/python3 -W ignore:setup.py install is deprecated setup.py develop --editable --build-directory /home/icorinthian/Documents/ros/git/ROS_Portfolio/ros_portfolio/blockchain_controller/ros_ws/build/blockchain_controller/build --no-deps symlink_data
[4.071s] Level 1:colcon.colcon_core.shell:create_environment_hook('blockchain_controller', 'pythonpath_develop')
[4.072s] DEBUG:colcon.colcon_core.event_handler.log_command:Invoked command in '/home/icorinthian/Documents/ros/git/ROS_Portfolio/ros_portfolio/blockchain_controller/ros_ws/build/blockchain_controller' returned '0': PYTHONPATH=/home/icorinthian/Documents/ros/git/ROS_Portfolio/ros_portfolio/blockchain_controller/ros_ws/build/blockchain_controller/prefix_override:/home/icorinthian/Documents/ros/git/ROS_Portfolio/ros_portfolio/blockchain_controller/ros_ws/install/blockchain_controller/lib/python3.10/site-packages:${PYTHONPATH} /usr/bin/python3 -W ignore:setup.py install is deprecated setup.py develop --editable --build-directory /home/icorinthian/Documents/ros/git/ROS_Portfolio/ros_portfolio/blockchain_controller/ros_ws/build/blockchain_controller/build --no-deps symlink_data
[4.072s] INFO:colcon.colcon_core.shell:Creating environment hook '/home/icorinthian/Documents/ros/git/ROS_Portfolio/ros_portfolio/blockchain_controller/ros_ws/build/blockchain_controller/share/blockchain_controller/hook/pythonpath_develop.ps1'
[4.073s] INFO:colcon.colcon_core.shell:Creating environment descriptor '/home/icorinthian/Documents/ros/git/ROS_Portfolio/ros_portfolio/blockchain_controller/ros_ws/build/blockchain_controller/share/blockchain_controller/hook/pythonpath_develop.dsv'
[4.074s] INFO:colcon.colcon_core.shell:Creating environment hook '/home/icorinthian/Documents/ros/git/ROS_Portfolio/ros_portfolio/blockchain_controller/ros_ws/build/blockchain_controller/share/blockchain_controller/hook/pythonpath_develop.sh'
[4.078s] Level 1:colcon.colcon_core.environment:checking '/home/icorinthian/Documents/ros/git/ROS_Portfolio/ros_portfolio/blockchain_controller/ros_ws/install/blockchain_controller' for CMake module files
[4.079s] Level 1:colcon.colcon_core.environment:checking '/home/icorinthian/Documents/ros/git/ROS_Portfolio/ros_portfolio/blockchain_controller/ros_ws/install/blockchain_controller' for CMake config files
[4.098s] Level 1:colcon.colcon_core.environment:checking '/home/icorinthian/Documents/ros/git/ROS_Portfolio/ros_portfolio/blockchain_controller/ros_ws/install/blockchain_controller/lib'
[4.098s] Level 1:colcon.colcon_core.environment:checking '/home/icorinthian/Documents/ros/git/ROS_Portfolio/ros_portfolio/blockchain_controller/ros_ws/install/blockchain_controller/bin'
[4.098s] Level 1:colcon.colcon_core.environment:checking '/home/icorinthian/Documents/ros/git/ROS_Portfolio/ros_portfolio/blockchain_controller/ros_ws/install/blockchain_controller/lib/pkgconfig/blockchain_controller.pc'
[4.098s] Level 1:colcon.colcon_core.environment:checking '/home/icorinthian/Documents/ros/git/ROS_Portfolio/ros_portfolio/blockchain_controller/ros_ws/install/blockchain_controller/lib/python3.10/site-packages'
[4.099s] Level 1:colcon.colcon_core.shell:create_environment_hook('blockchain_controller', 'pythonpath')
[4.099s] INFO:colcon.colcon_core.shell:Creating environment hook '/home/icorinthian/Documents/ros/git/ROS_Portfolio/ros_portfolio/blockchain_controller/ros_ws/install/blockchain_controller/share/blockchain_controller/hook/pythonpath.ps1'
[4.099s] INFO:colcon.colcon_core.shell:Creating environment descriptor '/home/icorinthian/Documents/ros/git/ROS_Portfolio/ros_portfolio/blockchain_controller/ros_ws/install/blockchain_controller/share/blockchain_controller/hook/pythonpath.dsv'
[4.100s] INFO:colcon.colcon_core.shell:Creating environment hook '/home/icorinthian/Documents/ros/git/ROS_Portfolio/ros_portfolio/blockchain_controller/ros_ws/install/blockchain_controller/share/blockchain_controller/hook/pythonpath.sh'
[4.100s] Level 1:colcon.colcon_core.environment:checking '/home/icorinthian/Documents/ros/git/ROS_Portfolio/ros_portfolio/blockchain_controller/ros_ws/install/blockchain_controller/bin'
[4.101s] Level 1:colcon.colcon_core.environment:create_environment_scripts_only(blockchain_controller)
[4.101s] INFO:colcon.colcon_core.shell:Creating package script '/home/icorinthian/Documents/ros/git/ROS_Portfolio/ros_portfolio/blockchain_controller/ros_ws/install/blockchain_controller/share/blockchain_controller/package.ps1'
[4.102s] INFO:colcon.colcon_core.shell:Creating package descriptor '/home/icorinthian/Documents/ros/git/ROS_Portfolio/ros_portfolio/blockchain_controller/ros_ws/install/blockchain_controller/share/blockchain_controller/package.dsv'
[4.103s] INFO:colcon.colcon_core.shell:Creating package script '/home/icorinthian/Documents/ros/git/ROS_Portfolio/ros_portfolio/blockchain_controller/ros_ws/install/blockchain_controller/share/blockchain_controller/package.sh'
[4.104s] INFO:colcon.colcon_core.shell:Creating package script '/home/icorinthian/Documents/ros/git/ROS_Portfolio/ros_portfolio/blockchain_controller/ros_ws/install/blockchain_controller/share/blockchain_controller/package.bash'
[4.119s] INFO:colcon.colcon_core.shell:Creating package script '/home/icorinthian/Documents/ros/git/ROS_Portfolio/ros_portfolio/blockchain_controller/ros_ws/install/blockchain_controller/share/blockchain_controller/package.zsh'
[4.120s] Level 1:colcon.colcon_core.environment:create_file_with_runtime_dependencies(/home/icorinthian/Documents/ros/git/ROS_Portfolio/ros_portfolio/blockchain_controller/ros_ws/install/blockchain_controller/share/colcon-core/packages/blockchain_controller)
[4.120s] DEBUG:colcon.colcon_parallel_executor.executor.parallel:closing loop
[4.121s] DEBUG:colcon.colcon_parallel_executor.executor.parallel:loop closed
[4.121s] DEBUG:colcon.colcon_parallel_executor.executor.parallel:run_until_complete finished with '0'
[4.121s] DEBUG:colcon.colcon_core.event_reactor:joining thread
[4.128s] INFO:colcon.colcon_core.plugin_system:Skipping extension 'colcon_notification.desktop_notification.terminal_notifier': Not used on non-Darwin systems
[4.128s] INFO:colcon.colcon_core.plugin_system:Skipping extension 'colcon_notification.desktop_notification.win32': Not used on non-Windows systems
[4.128s] INFO:colcon.colcon_notification.desktop_notification:Sending desktop notification using 'notify2'
[4.246s] DEBUG:colcon.colcon_core.event_reactor:joined thread
[4.246s] INFO:colcon.colcon_core.shell:Creating prefix script '/home/icorinthian/Documents/ros/git/ROS_Portfolio/ros_portfolio/blockchain_controller/ros_ws/install/local_setup.ps1'
[4.247s] INFO:colcon.colcon_core.shell:Creating prefix util module '/home/icorinthian/Documents/ros/git/ROS_Portfolio/ros_portfolio/blockchain_controller/ros_ws/install/_local_setup_util_ps1.py'
[4.249s] INFO:colcon.colcon_core.shell:Creating prefix chain script '/home/icorinthian/Documents/ros/git/ROS_Portfolio/ros_portfolio/blockchain_controller/ros_ws/install/setup.ps1'
[4.251s] INFO:colcon.colcon_core.shell:Creating prefix script '/home/icorinthian/Documents/ros/git/ROS_Portfolio/ros_portfolio/blockchain_controller/ros_ws/install/local_setup.sh'
[4.252s] INFO:colcon.colcon_core.shell:Creating prefix util module '/home/icorinthian/Documents/ros/git/ROS_Portfolio/ros_portfolio/blockchain_controller/ros_ws/install/_local_setup_util_sh.py'
[4.253s] INFO:colcon.colcon_core.shell:Creating prefix chain script '/home/icorinthian/Documents/ros/git/ROS_Portfolio/ros_portfolio/blockchain_controller/ros_ws/install/setup.sh'
[4.255s] INFO:colcon.colcon_core.shell:Creating prefix script '/home/icorinthian/Documents/ros/git/ROS_Portfolio/ros_portfolio/blockchain_controller/ros_ws/install/local_setup.bash'
[4.255s] INFO:colcon.colcon_core.shell:Creating prefix chain script '/home/icorinthian/Documents/ros/git/ROS_Portfolio/ros_portfolio/blockchain_controller/ros_ws/install/setup.bash'
[4.257s] INFO:colcon.colcon_core.shell:Creating prefix script '/home/icorinthian/Documents/ros/git/ROS_Portfolio/ros_portfolio/blockchain_controller/ros_ws/install/local_setup.zsh'
[4.258s] INFO:colcon.colcon_core.shell:Creating prefix chain script '/home/icorinthian/Documents/ros/git/ROS_Portfolio/ros_portfolio/blockchain_controller/ros_ws/install/setup.zsh'
