[0.554s] Invoking command in '/home/icorinthian/Documents/ros/git/ROS_Portfolio/ros_portfolio/robotic_arm/ros_ws/build/robotic_arm': PYTHONPATH=/home/icorinthian/Documents/ros/git/ROS_Portfolio/ros_portfolio/robotic_arm/ros_ws/build/robotic_arm/prefix_override:/home/icorinthian/Documents/ros/git/ROS_Portfolio/ros_portfolio/robotic_arm/ros_ws/install/robotic_arm/lib/python3.10/site-packages:${PYTHONPATH} /usr/bin/python3 -W ignore:setup.py install is deprecated setup.py develop --editable --build-directory /home/icorinthian/Documents/ros/git/ROS_Portfolio/ros_portfolio/robotic_arm/ros_ws/build/robotic_arm/build --no-deps symlink_data
[0.791s] running develop
[0.792s] /usr/lib/python3/dist-packages/setuptools/command/easy_install.py:158: EasyInstallDeprecationWarning: easy_install command is deprecated. Use build and pip and other standards-based tools.
[0.792s]   warnings.warn(
[0.968s] running egg_info
[0.968s] creating robotic_arm.egg-info
[0.968s] writing robotic_arm.egg-info/PKG-INFO
[0.968s] writing dependency_links to robotic_arm.egg-info/dependency_links.txt
[0.968s] writing entry points to robotic_arm.egg-info/entry_points.txt
[0.969s] writing requirements to robotic_arm.egg-info/requires.txt
[0.969s] writing top-level names to robotic_arm.egg-info/top_level.txt
[0.969s] writing manifest file 'robotic_arm.egg-info/SOURCES.txt'
[0.971s] reading manifest file 'robotic_arm.egg-info/SOURCES.txt'
[0.971s] writing manifest file 'robotic_arm.egg-info/SOURCES.txt'
[0.973s] running build_ext
[0.973s] Creating /home/icorinthian/Documents/ros/git/ROS_Portfolio/ros_portfolio/robotic_arm/ros_ws/install/robotic_arm/lib/python3.10/site-packages/robotic-arm.egg-link (link to .)
[0.973s] 
[0.974s] Installed /home/icorinthian/Documents/ros/git/ROS_Portfolio/ros_portfolio/robotic_arm/ros_ws/build/robotic_arm
[0.974s] running symlink_data
[0.974s] creating /home/icorinthian/Documents/ros/git/ROS_Portfolio/ros_portfolio/robotic_arm/ros_ws/install/robotic_arm/share/ament_index
[0.974s] creating /home/icorinthian/Documents/ros/git/ROS_Portfolio/ros_portfolio/robotic_arm/ros_ws/install/robotic_arm/share/ament_index/resource_index
[0.974s] creating /home/icorinthian/Documents/ros/git/ROS_Portfolio/ros_portfolio/robotic_arm/ros_ws/install/robotic_arm/share/ament_index/resource_index/packages
[0.974s] symbolically linking /home/icorinthian/Documents/ros/git/ROS_Portfolio/ros_portfolio/robotic_arm/ros_ws/build/robotic_arm/resource/robotic_arm -> /home/icorinthian/Documents/ros/git/ROS_Portfolio/ros_portfolio/robotic_arm/ros_ws/install/robotic_arm/share/ament_index/resource_index/packages
[0.974s] symbolically linking /home/icorinthian/Documents/ros/git/ROS_Portfolio/ros_portfolio/robotic_arm/ros_ws/build/robotic_arm/package.xml -> /home/icorinthian/Documents/ros/git/ROS_Portfolio/ros_portfolio/robotic_arm/ros_ws/install/robotic_arm/share/robotic_arm
[0.975s] creating /home/icorinthian/Documents/ros/git/ROS_Portfolio/ros_portfolio/robotic_arm/ros_ws/install/robotic_arm/share/robotic_arm/description
[0.975s] symbolically linking /home/icorinthian/Documents/ros/git/ROS_Portfolio/ros_portfolio/robotic_arm/ros_ws/build/robotic_arm/description/robot_arm_description.urdf.xacro -> /home/icorinthian/Documents/ros/git/ROS_Portfolio/ros_portfolio/robotic_arm/ros_ws/install/robotic_arm/share/robotic_arm/description
[0.975s] symbolically linking /home/icorinthian/Documents/ros/git/ROS_Portfolio/ros_portfolio/robotic_arm/ros_ws/build/robotic_arm/description/robotic_arm.xacro -> /home/icorinthian/Documents/ros/git/ROS_Portfolio/ros_portfolio/robotic_arm/ros_ws/install/robotic_arm/share/robotic_arm/description
[0.975s] symbolically linking /home/icorinthian/Documents/ros/git/ROS_Portfolio/ros_portfolio/robotic_arm/ros_ws/build/robotic_arm/description/robot_arm.urdf.xacro -> /home/icorinthian/Documents/ros/git/ROS_Portfolio/ros_portfolio/robotic_arm/ros_ws/install/robotic_arm/share/robotic_arm/description
[0.975s] creating /home/icorinthian/Documents/ros/git/ROS_Portfolio/ros_portfolio/robotic_arm/ros_ws/install/robotic_arm/share/robotic_arm/config
[0.975s] symbolically linking /home/icorinthian/Documents/ros/git/ROS_Portfolio/ros_portfolio/robotic_arm/ros_ws/build/robotic_arm/config/ros2_controllers.yaml -> /home/icorinthian/Documents/ros/git/ROS_Portfolio/ros_portfolio/robotic_arm/ros_ws/install/robotic_arm/share/robotic_arm/config
[0.975s] creating /home/icorinthian/Documents/ros/git/ROS_Portfolio/ros_portfolio/robotic_arm/ros_ws/install/robotic_arm/share/robotic_arm/assets
[0.975s] symbolically linking /home/icorinthian/Documents/ros/git/ROS_Portfolio/ros_portfolio/robotic_arm/ros_ws/build/robotic_arm/assets/base_plate.STL -> /home/icorinthian/Documents/ros/git/ROS_Portfolio/ros_portfolio/robotic_arm/ros_ws/install/robotic_arm/share/robotic_arm/assets
[0.976s] symbolically linking /home/icorinthian/Documents/ros/git/ROS_Portfolio/ros_portfolio/robotic_arm/ros_ws/build/robotic_arm/assets/basement.STL -> /home/icorinthian/Documents/ros/git/ROS_Portfolio/ros_portfolio/robotic_arm/ros_ws/install/robotic_arm/share/robotic_arm/assets
[0.976s] symbolically linking /home/icorinthian/Documents/ros/git/ROS_Portfolio/ros_portfolio/robotic_arm/ros_ws/build/robotic_arm/assets/plate.STL -> /home/icorinthian/Documents/ros/git/ROS_Portfolio/ros_portfolio/robotic_arm/ros_ws/install/robotic_arm/share/robotic_arm/assets
[0.976s] symbolically linking /home/icorinthian/Documents/ros/git/ROS_Portfolio/ros_portfolio/robotic_arm/ros_ws/build/robotic_arm/assets/claw_support.STL -> /home/icorinthian/Documents/ros/git/ROS_Portfolio/ros_portfolio/robotic_arm/ros_ws/install/robotic_arm/share/robotic_arm/assets
[0.976s] symbolically linking /home/icorinthian/Documents/ros/git/ROS_Portfolio/ros_portfolio/robotic_arm/ros_ws/build/robotic_arm/assets/round_plate.STL -> /home/icorinthian/Documents/ros/git/ROS_Portfolio/ros_portfolio/robotic_arm/ros_ws/install/robotic_arm/share/robotic_arm/assets
[0.976s] symbolically linking /home/icorinthian/Documents/ros/git/ROS_Portfolio/ros_portfolio/robotic_arm/ros_ws/build/robotic_arm/assets/link.STL -> /home/icorinthian/Documents/ros/git/ROS_Portfolio/ros_portfolio/robotic_arm/ros_ws/install/robotic_arm/share/robotic_arm/assets
[0.976s] symbolically linking /home/icorinthian/Documents/ros/git/ROS_Portfolio/ros_portfolio/robotic_arm/ros_ws/build/robotic_arm/assets/right_finger.STL -> /home/icorinthian/Documents/ros/git/ROS_Portfolio/ros_portfolio/robotic_arm/ros_ws/install/robotic_arm/share/robotic_arm/assets
[0.976s] symbolically linking /home/icorinthian/Documents/ros/git/ROS_Portfolio/ros_portfolio/robotic_arm/ros_ws/build/robotic_arm/assets/forward_drive_arm.STL -> /home/icorinthian/Documents/ros/git/ROS_Portfolio/ros_portfolio/robotic_arm/ros_ws/install/robotic_arm/share/robotic_arm/assets
[0.976s] symbolically linking /home/icorinthian/Documents/ros/git/ROS_Portfolio/ros_portfolio/robotic_arm/ros_ws/build/robotic_arm/assets/horizontal_arm.STL -> /home/icorinthian/Documents/ros/git/ROS_Portfolio/ros_portfolio/robotic_arm/ros_ws/install/robotic_arm/share/robotic_arm/assets
[0.976s] symbolically linking /home/icorinthian/Documents/ros/git/ROS_Portfolio/ros_portfolio/robotic_arm/ros_ws/build/robotic_arm/assets/triangular_link.STL -> /home/icorinthian/Documents/ros/git/ROS_Portfolio/ros_portfolio/robotic_arm/ros_ws/install/robotic_arm/share/robotic_arm/assets
[0.976s] symbolically linking /home/icorinthian/Documents/ros/git/ROS_Portfolio/ros_portfolio/robotic_arm/ros_ws/build/robotic_arm/assets/servo_plate.STL -> /home/icorinthian/Documents/ros/git/ROS_Portfolio/ros_portfolio/robotic_arm/ros_ws/install/robotic_arm/share/robotic_arm/assets
[0.977s] symbolically linking /home/icorinthian/Documents/ros/git/ROS_Portfolio/ros_portfolio/robotic_arm/ros_ws/build/robotic_arm/assets/left_finger.STL -> /home/icorinthian/Documents/ros/git/ROS_Portfolio/ros_portfolio/robotic_arm/ros_ws/install/robotic_arm/share/robotic_arm/assets
[0.977s] symbolically linking /home/icorinthian/Documents/ros/git/ROS_Portfolio/ros_portfolio/robotic_arm/ros_ws/build/robotic_arm/assets/vertical_drive_arm.STL -> /home/icorinthian/Documents/ros/git/ROS_Portfolio/ros_portfolio/robotic_arm/ros_ws/install/robotic_arm/share/robotic_arm/assets
[1.003s] Invoked command in '/home/icorinthian/Documents/ros/git/ROS_Portfolio/ros_portfolio/robotic_arm/ros_ws/build/robotic_arm' returned '0': PYTHONPATH=/home/icorinthian/Documents/ros/git/ROS_Portfolio/ros_portfolio/robotic_arm/ros_ws/build/robotic_arm/prefix_override:/home/icorinthian/Documents/ros/git/ROS_Portfolio/ros_portfolio/robotic_arm/ros_ws/install/robotic_arm/lib/python3.10/site-packages:${PYTHONPATH} /usr/bin/python3 -W ignore:setup.py install is deprecated setup.py develop --editable --build-directory /home/icorinthian/Documents/ros/git/ROS_Portfolio/ros_portfolio/robotic_arm/ros_ws/build/robotic_arm/build --no-deps symlink_data
