[0.708s] Invoking command in '/home/icorinthian/Documents/ros/git/ROS_Portfolio/ros_portfolio/nav2_sim/ros_ws/build/turtle_nav_sim': PYTHONPATH=/home/icorinthian/Documents/ros/git/ROS_Portfolio/ros_portfolio/nav2_sim/ros_ws/build/turtle_nav_sim/prefix_override:/home/icorinthian/Documents/ros/git/ROS_Portfolio/ros_portfolio/nav2_sim/ros_ws/install/turtle_nav_sim/lib/python3.10/site-packages:${PYTHONPATH} /usr/bin/python3 -W ignore:setup.py install is deprecated setup.py develop --editable --build-directory /home/icorinthian/Documents/ros/git/ROS_Portfolio/ros_portfolio/nav2_sim/ros_ws/build/turtle_nav_sim/build --no-deps symlink_data
[1.003s] running develop
[1.004s] /usr/lib/python3/dist-packages/setuptools/command/easy_install.py:158: EasyInstallDeprecationWarning: easy_install command is deprecated. Use build and pip and other standards-based tools.
[1.004s]   warnings.warn(
[1.218s] running egg_info
[1.218s] creating turtle_nav_sim.egg-info
[1.218s] writing turtle_nav_sim.egg-info/PKG-INFO
[1.219s] writing dependency_links to turtle_nav_sim.egg-info/dependency_links.txt
[1.219s] writing entry points to turtle_nav_sim.egg-info/entry_points.txt
[1.219s] writing requirements to turtle_nav_sim.egg-info/requires.txt
[1.219s] writing top-level names to turtle_nav_sim.egg-info/top_level.txt
[1.220s] writing manifest file 'turtle_nav_sim.egg-info/SOURCES.txt'
[1.222s] reading manifest file 'turtle_nav_sim.egg-info/SOURCES.txt'
[1.223s] writing manifest file 'turtle_nav_sim.egg-info/SOURCES.txt'
[1.225s] running build_ext
[1.225s] Creating /home/icorinthian/Documents/ros/git/ROS_Portfolio/ros_portfolio/nav2_sim/ros_ws/install/turtle_nav_sim/lib/python3.10/site-packages/turtle-nav-sim.egg-link (link to .)
[1.226s] Installing turtle_nav_sim script to /home/icorinthian/Documents/ros/git/ROS_Portfolio/ros_portfolio/nav2_sim/ros_ws/install/turtle_nav_sim/lib/turtle_nav_sim
[1.226s] 
[1.227s] Installed /home/icorinthian/Documents/ros/git/ROS_Portfolio/ros_portfolio/nav2_sim/ros_ws/build/turtle_nav_sim
[1.227s] running symlink_data
[1.227s] creating /home/icorinthian/Documents/ros/git/ROS_Portfolio/ros_portfolio/nav2_sim/ros_ws/install/turtle_nav_sim/share/ament_index
[1.227s] creating /home/icorinthian/Documents/ros/git/ROS_Portfolio/ros_portfolio/nav2_sim/ros_ws/install/turtle_nav_sim/share/ament_index/resource_index
[1.227s] creating /home/icorinthian/Documents/ros/git/ROS_Portfolio/ros_portfolio/nav2_sim/ros_ws/install/turtle_nav_sim/share/ament_index/resource_index/packages
[1.228s] symbolically linking /home/icorinthian/Documents/ros/git/ROS_Portfolio/ros_portfolio/nav2_sim/ros_ws/build/turtle_nav_sim/resource/turtle_nav_sim -> /home/icorinthian/Documents/ros/git/ROS_Portfolio/ros_portfolio/nav2_sim/ros_ws/install/turtle_nav_sim/share/ament_index/resource_index/packages
[1.228s] creating /home/icorinthian/Documents/ros/git/ROS_Portfolio/ros_portfolio/nav2_sim/ros_ws/install/turtle_nav_sim/share/turtle_nav_sim/launch
[1.228s] symbolically linking /home/icorinthian/Documents/ros/git/ROS_Portfolio/ros_portfolio/nav2_sim/ros_ws/build/turtle_nav_sim/launch/slam_map_genarate.launch.py -> /home/icorinthian/Documents/ros/git/ROS_Portfolio/ros_portfolio/nav2_sim/ros_ws/install/turtle_nav_sim/share/turtle_nav_sim/launch
[1.228s] symbolically linking /home/icorinthian/Documents/ros/git/ROS_Portfolio/ros_portfolio/nav2_sim/ros_ws/build/turtle_nav_sim/launch/nav2_sim.launch.py -> /home/icorinthian/Documents/ros/git/ROS_Portfolio/ros_portfolio/nav2_sim/ros_ws/install/turtle_nav_sim/share/turtle_nav_sim/launch
[1.228s] creating /home/icorinthian/Documents/ros/git/ROS_Portfolio/ros_portfolio/nav2_sim/ros_ws/install/turtle_nav_sim/share/turtle_nav_sim/map
[1.228s] symbolically linking /home/icorinthian/Documents/ros/git/ROS_Portfolio/ros_portfolio/nav2_sim/ros_ws/build/turtle_nav_sim/map/sim_map.yaml -> /home/icorinthian/Documents/ros/git/ROS_Portfolio/ros_portfolio/nav2_sim/ros_ws/install/turtle_nav_sim/share/turtle_nav_sim/map
[1.229s] symbolically linking /home/icorinthian/Documents/ros/git/ROS_Portfolio/ros_portfolio/nav2_sim/ros_ws/build/turtle_nav_sim/map/sim_map.pgm -> /home/icorinthian/Documents/ros/git/ROS_Portfolio/ros_portfolio/nav2_sim/ros_ws/install/turtle_nav_sim/share/turtle_nav_sim/map
[1.229s] symbolically linking /home/icorinthian/Documents/ros/git/ROS_Portfolio/ros_portfolio/nav2_sim/ros_ws/build/turtle_nav_sim/package.xml -> /home/icorinthian/Documents/ros/git/ROS_Portfolio/ros_portfolio/nav2_sim/ros_ws/install/turtle_nav_sim/share/turtle_nav_sim
[1.269s] Invoked command in '/home/icorinthian/Documents/ros/git/ROS_Portfolio/ros_portfolio/nav2_sim/ros_ws/build/turtle_nav_sim' returned '0': PYTHONPATH=/home/icorinthian/Documents/ros/git/ROS_Portfolio/ros_portfolio/nav2_sim/ros_ws/build/turtle_nav_sim/prefix_override:/home/icorinthian/Documents/ros/git/ROS_Portfolio/ros_portfolio/nav2_sim/ros_ws/install/turtle_nav_sim/lib/python3.10/site-packages:${PYTHONPATH} /usr/bin/python3 -W ignore:setup.py install is deprecated setup.py develop --editable --build-directory /home/icorinthian/Documents/ros/git/ROS_Portfolio/ros_portfolio/nav2_sim/ros_ws/build/turtle_nav_sim/build --no-deps symlink_data
