[0.528s] Invoking command in '/home/icorinthian/Documents/ros/git/ROS_Portfolio/ros_portfolio/differential_drive_sim/ros_ws/build/dds_package': PYTHONPATH=/home/icorinthian/Documents/ros/git/ROS_Portfolio/ros_portfolio/differential_drive_sim/ros_ws/build/dds_package/prefix_override:/home/icorinthian/Documents/ros/git/ROS_Portfolio/ros_portfolio/differential_drive_sim/ros_ws/install/dds_package/lib/python3.10/site-packages:${PYTHONPATH} /usr/bin/python3 -W ignore:setup.py install is deprecated setup.py develop --editable --build-directory /home/icorinthian/Documents/ros/git/ROS_Portfolio/ros_portfolio/differential_drive_sim/ros_ws/build/dds_package/build --no-deps symlink_data
[0.752s] running develop
[0.752s] /usr/lib/python3/dist-packages/setuptools/command/easy_install.py:158: EasyInstallDeprecationWarning: easy_install command is deprecated. Use build and pip and other standards-based tools.
[0.752s]   warnings.warn(
[0.906s] running egg_info
[0.906s] creating dds_package.egg-info
[0.907s] writing dds_package.egg-info/PKG-INFO
[0.907s] writing dependency_links to dds_package.egg-info/dependency_links.txt
[0.907s] writing entry points to dds_package.egg-info/entry_points.txt
[0.907s] writing requirements to dds_package.egg-info/requires.txt
[0.907s] writing top-level names to dds_package.egg-info/top_level.txt
[0.907s] writing manifest file 'dds_package.egg-info/SOURCES.txt'
[0.907s] reading manifest file 'dds_package.egg-info/SOURCES.txt'
[0.908s] writing manifest file 'dds_package.egg-info/SOURCES.txt'
[0.909s] running build_ext
[0.910s] Creating /home/icorinthian/Documents/ros/git/ROS_Portfolio/ros_portfolio/differential_drive_sim/ros_ws/install/dds_package/lib/python3.10/site-packages/dds-package.egg-link (link to .)
[0.910s] Installing dds_package script to /home/icorinthian/Documents/ros/git/ROS_Portfolio/ros_portfolio/differential_drive_sim/ros_ws/install/dds_package/lib/dds_package
[0.910s] 
[0.910s] Installed /home/icorinthian/Documents/ros/git/ROS_Portfolio/ros_portfolio/differential_drive_sim/ros_ws/build/dds_package
[0.911s] running symlink_data
[0.911s] creating /home/icorinthian/Documents/ros/git/ROS_Portfolio/ros_portfolio/differential_drive_sim/ros_ws/install/dds_package/share/ament_index
[0.911s] creating /home/icorinthian/Documents/ros/git/ROS_Portfolio/ros_portfolio/differential_drive_sim/ros_ws/install/dds_package/share/ament_index/resource_index
[0.911s] creating /home/icorinthian/Documents/ros/git/ROS_Portfolio/ros_portfolio/differential_drive_sim/ros_ws/install/dds_package/share/ament_index/resource_index/packages
[0.911s] symbolically linking /home/icorinthian/Documents/ros/git/ROS_Portfolio/ros_portfolio/differential_drive_sim/ros_ws/build/dds_package/resource/dds_package -> /home/icorinthian/Documents/ros/git/ROS_Portfolio/ros_portfolio/differential_drive_sim/ros_ws/install/dds_package/share/ament_index/resource_index/packages
[0.911s] creating /home/icorinthian/Documents/ros/git/ROS_Portfolio/ros_portfolio/differential_drive_sim/ros_ws/install/dds_package/share/dds_package/launch
[0.911s] symbolically linking /home/icorinthian/Documents/ros/git/ROS_Portfolio/ros_portfolio/differential_drive_sim/ros_ws/build/dds_package/launch/rsp.launch.py -> /home/icorinthian/Documents/ros/git/ROS_Portfolio/ros_portfolio/differential_drive_sim/ros_ws/install/dds_package/share/dds_package/launch
[0.911s] symbolically linking /home/icorinthian/Documents/ros/git/ROS_Portfolio/ros_portfolio/differential_drive_sim/ros_ws/build/dds_package/launch/launch_gazebo_sim.launch.py -> /home/icorinthian/Documents/ros/git/ROS_Portfolio/ros_portfolio/differential_drive_sim/ros_ws/install/dds_package/share/dds_package/launch
[0.911s] creating /home/icorinthian/Documents/ros/git/ROS_Portfolio/ros_portfolio/differential_drive_sim/ros_ws/install/dds_package/share/dds_package/urdf
[0.911s] symbolically linking /home/icorinthian/Documents/ros/git/ROS_Portfolio/ros_portfolio/differential_drive_sim/ros_ws/build/dds_package/urdf/robot_core.xacro -> /home/icorinthian/Documents/ros/git/ROS_Portfolio/ros_portfolio/differential_drive_sim/ros_ws/install/dds_package/share/dds_package/urdf
[0.911s] symbolically linking /home/icorinthian/Documents/ros/git/ROS_Portfolio/ros_portfolio/differential_drive_sim/ros_ws/build/dds_package/urdf/robot.urdf.xacro -> /home/icorinthian/Documents/ros/git/ROS_Portfolio/ros_portfolio/differential_drive_sim/ros_ws/install/dds_package/share/dds_package/urdf
[0.911s] symbolically linking /home/icorinthian/Documents/ros/git/ROS_Portfolio/ros_portfolio/differential_drive_sim/ros_ws/build/dds_package/urdf/gazebo_control.xacro -> /home/icorinthian/Documents/ros/git/ROS_Portfolio/ros_portfolio/differential_drive_sim/ros_ws/install/dds_package/share/dds_package/urdf
[0.911s] symbolically linking /home/icorinthian/Documents/ros/git/ROS_Portfolio/ros_portfolio/differential_drive_sim/ros_ws/build/dds_package/urdf/inertial_macros.xacro -> /home/icorinthian/Documents/ros/git/ROS_Portfolio/ros_portfolio/differential_drive_sim/ros_ws/install/dds_package/share/dds_package/urdf
[0.911s] symbolically linking /home/icorinthian/Documents/ros/git/ROS_Portfolio/ros_portfolio/differential_drive_sim/ros_ws/build/dds_package/package.xml -> /home/icorinthian/Documents/ros/git/ROS_Portfolio/ros_portfolio/differential_drive_sim/ros_ws/install/dds_package/share/dds_package
[0.932s] Invoked command in '/home/icorinthian/Documents/ros/git/ROS_Portfolio/ros_portfolio/differential_drive_sim/ros_ws/build/dds_package' returned '0': PYTHONPATH=/home/icorinthian/Documents/ros/git/ROS_Portfolio/ros_portfolio/differential_drive_sim/ros_ws/build/dds_package/prefix_override:/home/icorinthian/Documents/ros/git/ROS_Portfolio/ros_portfolio/differential_drive_sim/ros_ws/install/dds_package/lib/python3.10/site-packages:${PYTHONPATH} /usr/bin/python3 -W ignore:setup.py install is deprecated setup.py develop --editable --build-directory /home/icorinthian/Documents/ros/git/ROS_Portfolio/ros_portfolio/differential_drive_sim/ros_ws/build/dds_package/build --no-deps symlink_data
