[0.439s] DEBUG:colcon:Command line arguments: ['/usr/bin/colcon', 'build', '--symlink-install']
[0.439s] DEBUG:colcon:Parsed command line arguments: Namespace(log_base=None, log_level=None, verb_name='build', build_base='build', install_base='install', merge_install=False, symlink_install=True, test_result_base=None, continue_on_error=False, executor='parallel', parallel_workers=8, event_handlers=None, ignore_user_meta=False, metas=['./colcon.meta'], base_paths=['.'], packages_ignore=None, packages_ignore_regex=None, paths=None, packages_up_to=None, packages_up_to_regex=None, packages_above=None, packages_above_and_dependencies=None, packages_above_depth=None, packages_select_by_dep=None, packages_skip_by_dep=None, packages_skip_up_to=None, packages_select_build_failed=False, packages_skip_build_finished=False, packages_select_test_failures=False, packages_skip_test_passed=False, packages_select=None, packages_skip=None, packages_select_regex=None, packages_skip_regex=None, packages_start=None, packages_end=None, allow_overriding=[], cmake_args=None, cmake_target=None, cmake_target_skip_unavailable=False, cmake_clean_cache=False, cmake_clean_first=False, cmake_force_configure=False, ament_cmake_args=None, catkin_cmake_args=None, catkin_skip_building_tests=False, mixin_files=None, mixin=None, verb_parser=<colcon_mixin.mixin.mixin_argument.MixinArgumentDecorator object at 0x7f42653c6b30>, verb_extension=<colcon_core.verb.build.BuildVerb object at 0x7f42653c62c0>, main=<bound method BuildVerb.main of <colcon_core.verb.build.BuildVerb object at 0x7f42653c62c0>>, mixin_verb=('build',))
[0.958s] Level 1:colcon.colcon_core.package_discovery:discover_packages(colcon_meta) check parameters
[0.959s] Level 1:colcon.colcon_core.package_discovery:discover_packages(recursive) check parameters
[0.959s] Level 1:colcon.colcon_core.package_discovery:discover_packages(ignore) check parameters
[0.959s] Level 1:colcon.colcon_core.package_discovery:discover_packages(path) check parameters
[0.959s] Level 1:colcon.colcon_core.package_discovery:discover_packages(colcon_meta) discover
[0.959s] Level 1:colcon.colcon_core.package_discovery:discover_packages(recursive) discover
[0.959s] INFO:colcon.colcon_core.package_discovery:Crawling recursively for packages in '/home/icorinthian/Documents/ros/git/ROS_Portfolio/ros_portfolio/blockchain_controller/ros_ws'
[0.959s] Level 1:colcon.colcon_core.package_identification:_identify(.) by extensions ['ignore', 'ignore_ament_install']
[0.960s] Level 1:colcon.colcon_core.package_identification:_identify(.) by extension 'ignore'
[0.960s] Level 1:colcon.colcon_core.package_identification:_identify(.) by extension 'ignore_ament_install'
[0.960s] Level 1:colcon.colcon_core.package_identification:_identify(.) by extensions ['colcon_pkg']
[0.960s] Level 1:colcon.colcon_core.package_identification:_identify(.) by extension 'colcon_pkg'
[0.960s] Level 1:colcon.colcon_core.package_identification:_identify(.) by extensions ['colcon_meta']
[0.961s] Level 1:colcon.colcon_core.package_identification:_identify(.) by extension 'colcon_meta'
[0.961s] Level 1:colcon.colcon_core.package_identification:_identify(.) by extensions ['ros']
[0.961s] Level 1:colcon.colcon_core.package_identification:_identify(.) by extension 'ros'
[1.071s] Level 1:colcon.colcon_core.package_identification:_identify(.) by extensions ['cmake', 'python']
[1.071s] Level 1:colcon.colcon_core.package_identification:_identify(.) by extension 'cmake'
[1.071s] Level 1:colcon.colcon_core.package_identification:_identify(.) by extension 'python'
[1.071s] Level 1:colcon.colcon_core.package_identification:_identify(.) by extensions ['python_setup_py']
[1.071s] Level 1:colcon.colcon_core.package_identification:_identify(.) by extension 'python_setup_py'
[1.094s] Level 1:colcon.colcon_core.package_identification:_identify(build) by extensions ['ignore', 'ignore_ament_install']
[1.094s] Level 1:colcon.colcon_core.package_identification:_identify(build) by extension 'ignore'
[1.094s] Level 1:colcon.colcon_core.package_identification:_identify(build) ignored
[1.095s] Level 1:colcon.colcon_core.package_identification:_identify(install) by extensions ['ignore', 'ignore_ament_install']
[1.095s] Level 1:colcon.colcon_core.package_identification:_identify(install) by extension 'ignore'
[1.096s] Level 1:colcon.colcon_core.package_identification:_identify(install) ignored
[1.096s] Level 1:colcon.colcon_core.package_identification:_identify(log) by extensions ['ignore', 'ignore_ament_install']
[1.096s] Level 1:colcon.colcon_core.package_identification:_identify(log) by extension 'ignore'
[1.096s] Level 1:colcon.colcon_core.package_identification:_identify(log) ignored
[1.097s] Level 1:colcon.colcon_core.package_identification:_identify(src) by extensions ['ignore', 'ignore_ament_install']
[1.097s] Level 1:colcon.colcon_core.package_identification:_identify(src) by extension 'ignore'
[1.097s] Level 1:colcon.colcon_core.package_identification:_identify(src) by extension 'ignore_ament_install'
[1.097s] Level 1:colcon.colcon_core.package_identification:_identify(src) by extensions ['colcon_pkg']
[1.098s] Level 1:colcon.colcon_core.package_identification:_identify(src) by extension 'colcon_pkg'
[1.098s] Level 1:colcon.colcon_core.package_identification:_identify(src) by extensions ['colcon_meta']
[1.098s] Level 1:colcon.colcon_core.package_identification:_identify(src) by extension 'colcon_meta'
[1.098s] Level 1:colcon.colcon_core.package_identification:_identify(src) by extensions ['ros']
[1.098s] Level 1:colcon.colcon_core.package_identification:_identify(src) by extension 'ros'
[1.098s] Level 1:colcon.colcon_core.package_identification:_identify(src) by extensions ['cmake', 'python']
[1.099s] Level 1:colcon.colcon_core.package_identification:_identify(src) by extension 'cmake'
[1.099s] Level 1:colcon.colcon_core.package_identification:_identify(src) by extension 'python'
[1.099s] Level 1:colcon.colcon_core.package_identification:_identify(src) by extensions ['python_setup_py']
[1.099s] Level 1:colcon.colcon_core.package_identification:_identify(src) by extension 'python_setup_py'
[1.099s] Level 1:colcon.colcon_core.package_identification:_identify(src/blockchain_controller) by extensions ['ignore', 'ignore_ament_install']
[1.100s] Level 1:colcon.colcon_core.package_identification:_identify(src/blockchain_controller) by extension 'ignore'
[1.100s] Level 1:colcon.colcon_core.package_identification:_identify(src/blockchain_controller) by extension 'ignore_ament_install'
[1.100s] Level 1:colcon.colcon_core.package_identification:_identify(src/blockchain_controller) by extensions ['colcon_pkg']
[1.100s] Level 1:colcon.colcon_core.package_identification:_identify(src/blockchain_controller) by extension 'colcon_pkg'
[1.100s] Level 1:colcon.colcon_core.package_identification:_identify(src/blockchain_controller) by extensions ['colcon_meta']
[1.100s] Level 1:colcon.colcon_core.package_identification:_identify(src/blockchain_controller) by extension 'colcon_meta'
[1.101s] Level 1:colcon.colcon_core.package_identification:_identify(src/blockchain_controller) by extensions ['ros']
[1.101s] Level 1:colcon.colcon_core.package_identification:_identify(src/blockchain_controller) by extension 'ros'
[1.183s] DEBUG:colcon.colcon_core.package_identification:Package 'src/blockchain_controller' with type 'ros.ament_python' and name 'blockchain_controller'
[1.183s] Level 1:colcon.colcon_core.package_discovery:discover_packages(recursive) using defaults
[1.184s] Level 1:colcon.colcon_core.package_discovery:discover_packages(ignore) discover
[1.184s] Level 1:colcon.colcon_core.package_discovery:discover_packages(ignore) using defaults
[1.184s] Level 1:colcon.colcon_core.package_discovery:discover_packages(path) discover
[1.184s] Level 1:colcon.colcon_core.package_discovery:discover_packages(path) using defaults
[1.295s] Level 1:colcon.colcon_core.package_discovery:discover_packages(prefix_path) check parameters
[1.295s] Level 1:colcon.colcon_core.package_discovery:discover_packages(prefix_path) discover
[1.304s] DEBUG:colcon.colcon_installed_package_information.package_discovery:Found 419 installed packages in /opt/ros/humble
[1.310s] Level 1:colcon.colcon_core.package_discovery:discover_packages(prefix_path) using defaults
[1.368s] Level 5:colcon.colcon_core.verb:set package 'blockchain_controller' build argument 'cmake_args' from command line to 'None'
[1.368s] Level 5:colcon.colcon_core.verb:set package 'blockchain_controller' build argument 'cmake_target' from command line to 'None'
[1.368s] Level 5:colcon.colcon_core.verb:set package 'blockchain_controller' build argument 'cmake_target_skip_unavailable' from command line to 'False'
[1.369s] Level 5:colcon.colcon_core.verb:set package 'blockchain_controller' build argument 'cmake_clean_cache' from command line to 'False'
[1.369s] Level 5:colcon.colcon_core.verb:set package 'blockchain_controller' build argument 'cmake_clean_first' from command line to 'False'
[1.369s] Level 5:colcon.colcon_core.verb:set package 'blockchain_controller' build argument 'cmake_force_configure' from command line to 'False'
[1.369s] Level 5:colcon.colcon_core.verb:set package 'blockchain_controller' build argument 'ament_cmake_args' from command line to 'None'
[1.369s] Level 5:colcon.colcon_core.verb:set package 'blockchain_controller' build argument 'catkin_cmake_args' from command line to 'None'
[1.369s] Level 5:colcon.colcon_core.verb:set package 'blockchain_controller' build argument 'catkin_skip_building_tests' from command line to 'False'
[1.369s] DEBUG:colcon.colcon_core.verb:Building package 'blockchain_controller' with the following arguments: {'ament_cmake_args': None, 'build_base': '/home/icorinthian/Documents/ros/git/ROS_Portfolio/ros_portfolio/blockchain_controller/ros_ws/build/blockchain_controller', 'catkin_cmake_args': None, 'catkin_skip_building_tests': False, 'cmake_args': None, 'cmake_clean_cache': False, 'cmake_clean_first': False, 'cmake_force_configure': False, 'cmake_target': None, 'cmake_target_skip_unavailable': False, 'install_base': '/home/icorinthian/Documents/ros/git/ROS_Portfolio/ros_portfolio/blockchain_controller/ros_ws/install/blockchain_controller', 'merge_install': False, 'path': '/home/icorinthian/Documents/ros/git/ROS_Portfolio/ros_portfolio/blockchain_controller/ros_ws/src/blockchain_controller', 'symlink_install': True, 'test_result_base': None}
[1.369s] INFO:colcon.colcon_core.executor:Executing jobs using 'parallel' executor
[1.369s] DEBUG:colcon.colcon_parallel_executor.executor.parallel:run_until_complete
[1.370s] INFO:colcon.colcon_ros.task.ament_python.build:Building ROS package in '/home/icorinthian/Documents/ros/git/ROS_Portfolio/ros_portfolio/blockchain_controller/ros_ws/src/blockchain_controller' with build type 'ament_python'
[1.370s] Level 1:colcon.colcon_core.shell:create_environment_hook('blockchain_controller', 'ament_prefix_path')
[1.379s] INFO:colcon.colcon_core.plugin_system:Skipping extension 'colcon_core.shell.bat': Not used on non-Windows systems
[1.380s] INFO:colcon.colcon_core.shell:Creating environment hook '/home/icorinthian/Documents/ros/git/ROS_Portfolio/ros_portfolio/blockchain_controller/ros_ws/install/blockchain_controller/share/blockchain_controller/hook/ament_prefix_path.ps1'
[1.386s] INFO:colcon.colcon_core.shell:Creating environment descriptor '/home/icorinthian/Documents/ros/git/ROS_Portfolio/ros_portfolio/blockchain_controller/ros_ws/install/blockchain_controller/share/blockchain_controller/hook/ament_prefix_path.dsv'
[1.387s] INFO:colcon.colcon_core.shell:Creating environment hook '/home/icorinthian/Documents/ros/git/ROS_Portfolio/ros_portfolio/blockchain_controller/ros_ws/install/blockchain_controller/share/blockchain_controller/hook/ament_prefix_path.sh'
[1.388s] INFO:colcon.colcon_core.shell:Skip shell extension 'powershell' for command environment: Not usable outside of PowerShell
[1.388s] DEBUG:colcon.colcon_core.shell:Skip shell extension 'dsv' for command environment
[1.820s] INFO:colcon.colcon_core.task.python.build:Building Python package in '/home/icorinthian/Documents/ros/git/ROS_Portfolio/ros_portfolio/blockchain_controller/ros_ws/src/blockchain_controller'
[1.820s] INFO:colcon.colcon_core.shell:Skip shell extension 'powershell' for command environment: Not usable outside of PowerShell
[1.820s] DEBUG:colcon.colcon_core.shell:Skip shell extension 'dsv' for command environment
[2.967s] DEBUG:colcon.colcon_core.event_handler.log_command:Invoking command in '/home/icorinthian/Documents/ros/git/ROS_Portfolio/ros_portfolio/blockchain_controller/ros_ws/build/blockchain_controller': PYTHONPATH=/home/icorinthian/Documents/ros/git/ROS_Portfolio/ros_portfolio/blockchain_controller/ros_ws/build/blockchain_controller/prefix_override:/home/icorinthian/Documents/ros/git/ROS_Portfolio/ros_portfolio/blockchain_controller/ros_ws/install/blockchain_controller/lib/python3.10/site-packages:${PYTHONPATH} /usr/bin/python3 -W ignore:setup.py install is deprecated setup.py develop --editable --build-directory /home/icorinthian/Documents/ros/git/ROS_Portfolio/ros_portfolio/blockchain_controller/ros_ws/build/blockchain_controller/build --no-deps symlink_data
[3.761s] Level 1:colcon.colcon_core.shell:create_environment_hook('blockchain_controller', 'pythonpath_develop')
[3.761s] INFO:colcon.colcon_core.shell:Creating environment hook '/home/icorinthian/Documents/ros/git/ROS_Portfolio/ros_portfolio/blockchain_controller/ros_ws/build/blockchain_controller/share/blockchain_controller/hook/pythonpath_develop.ps1'
[3.762s] DEBUG:colcon.colcon_core.event_handler.log_command:Invoked command in '/home/icorinthian/Documents/ros/git/ROS_Portfolio/ros_portfolio/blockchain_controller/ros_ws/build/blockchain_controller' returned '0': PYTHONPATH=/home/icorinthian/Documents/ros/git/ROS_Portfolio/ros_portfolio/blockchain_controller/ros_ws/build/blockchain_controller/prefix_override:/home/icorinthian/Documents/ros/git/ROS_Portfolio/ros_portfolio/blockchain_controller/ros_ws/install/blockchain_controller/lib/python3.10/site-packages:${PYTHONPATH} /usr/bin/python3 -W ignore:setup.py install is deprecated setup.py develop --editable --build-directory /home/icorinthian/Documents/ros/git/ROS_Portfolio/ros_portfolio/blockchain_controller/ros_ws/build/blockchain_controller/build --no-deps symlink_data
[3.762s] INFO:colcon.colcon_core.shell:Creating environment descriptor '/home/icorinthian/Documents/ros/git/ROS_Portfolio/ros_portfolio/blockchain_controller/ros_ws/build/blockchain_controller/share/blockchain_controller/hook/pythonpath_develop.dsv'
[3.763s] INFO:colcon.colcon_core.shell:Creating environment hook '/home/icorinthian/Documents/ros/git/ROS_Portfolio/ros_portfolio/blockchain_controller/ros_ws/build/blockchain_controller/share/blockchain_controller/hook/pythonpath_develop.sh'
[3.766s] Level 1:colcon.colcon_core.environment:checking '/home/icorinthian/Documents/ros/git/ROS_Portfolio/ros_portfolio/blockchain_controller/ros_ws/install/blockchain_controller' for CMake module files
[3.787s] Level 1:colcon.colcon_core.environment:checking '/home/icorinthian/Documents/ros/git/ROS_Portfolio/ros_portfolio/blockchain_controller/ros_ws/install/blockchain_controller' for CMake config files
[3.792s] Level 1:colcon.colcon_core.environment:checking '/home/icorinthian/Documents/ros/git/ROS_Portfolio/ros_portfolio/blockchain_controller/ros_ws/install/blockchain_controller/lib'
[3.792s] Level 1:colcon.colcon_core.environment:checking '/home/icorinthian/Documents/ros/git/ROS_Portfolio/ros_portfolio/blockchain_controller/ros_ws/install/blockchain_controller/bin'
[3.793s] Level 1:colcon.colcon_core.environment:checking '/home/icorinthian/Documents/ros/git/ROS_Portfolio/ros_portfolio/blockchain_controller/ros_ws/install/blockchain_controller/lib/pkgconfig/blockchain_controller.pc'
[3.794s] Level 1:colcon.colcon_core.environment:checking '/home/icorinthian/Documents/ros/git/ROS_Portfolio/ros_portfolio/blockchain_controller/ros_ws/install/blockchain_controller/lib/python3.10/site-packages'
[3.794s] Level 1:colcon.colcon_core.shell:create_environment_hook('blockchain_controller', 'pythonpath')
[3.795s] INFO:colcon.colcon_core.shell:Creating environment hook '/home/icorinthian/Documents/ros/git/ROS_Portfolio/ros_portfolio/blockchain_controller/ros_ws/install/blockchain_controller/share/blockchain_controller/hook/pythonpath.ps1'
[3.796s] INFO:colcon.colcon_core.shell:Creating environment descriptor '/home/icorinthian/Documents/ros/git/ROS_Portfolio/ros_portfolio/blockchain_controller/ros_ws/install/blockchain_controller/share/blockchain_controller/hook/pythonpath.dsv'
[3.797s] INFO:colcon.colcon_core.shell:Creating environment hook '/home/icorinthian/Documents/ros/git/ROS_Portfolio/ros_portfolio/blockchain_controller/ros_ws/install/blockchain_controller/share/blockchain_controller/hook/pythonpath.sh'
[3.799s] Level 1:colcon.colcon_core.environment:checking '/home/icorinthian/Documents/ros/git/ROS_Portfolio/ros_portfolio/blockchain_controller/ros_ws/install/blockchain_controller/bin'
[3.799s] Level 1:colcon.colcon_core.environment:create_environment_scripts_only(blockchain_controller)
[3.801s] INFO:colcon.colcon_core.shell:Creating package script '/home/icorinthian/Documents/ros/git/ROS_Portfolio/ros_portfolio/blockchain_controller/ros_ws/install/blockchain_controller/share/blockchain_controller/package.ps1'
[3.805s] INFO:colcon.colcon_core.shell:Creating package descriptor '/home/icorinthian/Documents/ros/git/ROS_Portfolio/ros_portfolio/blockchain_controller/ros_ws/install/blockchain_controller/share/blockchain_controller/package.dsv'
[3.808s] INFO:colcon.colcon_core.shell:Creating package script '/home/icorinthian/Documents/ros/git/ROS_Portfolio/ros_portfolio/blockchain_controller/ros_ws/install/blockchain_controller/share/blockchain_controller/package.sh'
[3.811s] INFO:colcon.colcon_core.shell:Creating package script '/home/icorinthian/Documents/ros/git/ROS_Portfolio/ros_portfolio/blockchain_controller/ros_ws/install/blockchain_controller/share/blockchain_controller/package.bash'
[3.831s] INFO:colcon.colcon_core.shell:Creating package script '/home/icorinthian/Documents/ros/git/ROS_Portfolio/ros_portfolio/blockchain_controller/ros_ws/install/blockchain_controller/share/blockchain_controller/package.zsh'
[3.834s] Level 1:colcon.colcon_core.environment:create_file_with_runtime_dependencies(/home/icorinthian/Documents/ros/git/ROS_Portfolio/ros_portfolio/blockchain_controller/ros_ws/install/blockchain_controller/share/colcon-core/packages/blockchain_controller)
[3.835s] DEBUG:colcon.colcon_parallel_executor.executor.parallel:closing loop
[3.836s] DEBUG:colcon.colcon_parallel_executor.executor.parallel:loop closed
[3.836s] DEBUG:colcon.colcon_parallel_executor.executor.parallel:run_until_complete finished with '0'
[3.837s] DEBUG:colcon.colcon_core.event_reactor:joining thread
[3.854s] INFO:colcon.colcon_core.plugin_system:Skipping extension 'colcon_notification.desktop_notification.terminal_notifier': Not used on non-Darwin systems
[3.854s] INFO:colcon.colcon_core.plugin_system:Skipping extension 'colcon_notification.desktop_notification.win32': Not used on non-Windows systems
[3.855s] INFO:colcon.colcon_notification.desktop_notification:Sending desktop notification using 'notify2'
[3.901s] DEBUG:colcon.colcon_core.event_reactor:joined thread
[3.902s] INFO:colcon.colcon_core.shell:Creating prefix script '/home/icorinthian/Documents/ros/git/ROS_Portfolio/ros_portfolio/blockchain_controller/ros_ws/install/local_setup.ps1'
[3.916s] INFO:colcon.colcon_core.shell:Creating prefix util module '/home/icorinthian/Documents/ros/git/ROS_Portfolio/ros_portfolio/blockchain_controller/ros_ws/install/_local_setup_util_ps1.py'
[3.919s] INFO:colcon.colcon_core.shell:Creating prefix chain script '/home/icorinthian/Documents/ros/git/ROS_Portfolio/ros_portfolio/blockchain_controller/ros_ws/install/setup.ps1'
[3.921s] INFO:colcon.colcon_core.shell:Creating prefix script '/home/icorinthian/Documents/ros/git/ROS_Portfolio/ros_portfolio/blockchain_controller/ros_ws/install/local_setup.sh'
[3.922s] INFO:colcon.colcon_core.shell:Creating prefix util module '/home/icorinthian/Documents/ros/git/ROS_Portfolio/ros_portfolio/blockchain_controller/ros_ws/install/_local_setup_util_sh.py'
[3.923s] INFO:colcon.colcon_core.shell:Creating prefix chain script '/home/icorinthian/Documents/ros/git/ROS_Portfolio/ros_portfolio/blockchain_controller/ros_ws/install/setup.sh'
[3.925s] INFO:colcon.colcon_core.shell:Creating prefix script '/home/icorinthian/Documents/ros/git/ROS_Portfolio/ros_portfolio/blockchain_controller/ros_ws/install/local_setup.bash'
[3.925s] INFO:colcon.colcon_core.shell:Creating prefix chain script '/home/icorinthian/Documents/ros/git/ROS_Portfolio/ros_portfolio/blockchain_controller/ros_ws/install/setup.bash'
[3.927s] INFO:colcon.colcon_core.shell:Creating prefix script '/home/icorinthian/Documents/ros/git/ROS_Portfolio/ros_portfolio/blockchain_controller/ros_ws/install/local_setup.zsh'
[3.928s] INFO:colcon.colcon_core.shell:Creating prefix chain script '/home/icorinthian/Documents/ros/git/ROS_Portfolio/ros_portfolio/blockchain_controller/ros_ws/install/setup.zsh'
