running develop
running egg_info
creating blockchain_controller.egg-info
writing blockchain_controller.egg-info/PKG-INFO
writing dependency_links to blockchain_controller.egg-info/dependency_links.txt
writing entry points to blockchain_controller.egg-info/entry_points.txt
writing requirements to blockchain_controller.egg-info/requires.txt
writing top-level names to blockchain_controller.egg-info/top_level.txt
writing manifest file 'blockchain_controller.egg-info/SOURCES.txt'
reading manifest file 'blockchain_controller.egg-info/SOURCES.txt'
writing manifest file 'blockchain_controller.egg-info/SOURCES.txt'
running build_ext
Creating /home/icorinthian/Documents/ros/git/ROS_Portfolio/ros_portfolio/blockchain_controller/ros_ws/install/blockchain_controller/lib/python3.10/site-packages/blockchain-controller.egg-link (link to .)
Installing chain_teleop script to /home/icorinthian/Documents/ros/git/ROS_Portfolio/ros_portfolio/blockchain_controller/ros_ws/install/blockchain_controller/lib/blockchain_controller

Installed /home/icorinthian/Documents/ros/git/ROS_Portfolio/ros_portfolio/blockchain_controller/ros_ws/build/blockchain_controller
running symlink_data
creating /home/icorinthian/Documents/ros/git/ROS_Portfolio/ros_portfolio/blockchain_controller/ros_ws/install/blockchain_controller/share/ament_index
creating /home/icorinthian/Documents/ros/git/ROS_Portfolio/ros_portfolio/blockchain_controller/ros_ws/install/blockchain_controller/share/ament_index/resource_index
creating /home/icorinthian/Documents/ros/git/ROS_Portfolio/ros_portfolio/blockchain_controller/ros_ws/install/blockchain_controller/share/ament_index/resource_index/packages
symbolically linking /home/icorinthian/Documents/ros/git/ROS_Portfolio/ros_portfolio/blockchain_controller/ros_ws/build/blockchain_controller/resource/blockchain_controller -> /home/icorinthian/Documents/ros/git/ROS_Portfolio/ros_portfolio/blockchain_controller/ros_ws/install/blockchain_controller/share/ament_index/resource_index/packages
symbolically linking /home/icorinthian/Documents/ros/git/ROS_Portfolio/ros_portfolio/blockchain_controller/ros_ws/build/blockchain_controller/package.xml -> /home/icorinthian/Documents/ros/git/ROS_Portfolio/ros_portfolio/blockchain_controller/ros_ws/install/blockchain_controller/share/blockchain_controller
